<?xml version="1.0" encoding="UTF-8"?>
<testng-results skipped="0" failed="0" ignored="0" total="1" passed="1">
  <reporter-output>
  </reporter-output>
  <suite name="Default suite" duration-ms="2368" started-at="2018-06-28T06:43:27Z" finished-at="2018-06-28T06:43:29Z">
    <groups>
    </groups>
    <test name="Default test" duration-ms="2368" started-at="2018-06-28T06:43:27Z" finished-at="2018-06-28T06:43:29Z">
      <class name="com.TestClasses.PostAPITest">
        <test-method status="PASS" signature="setup()[pri:0, instance:com.TestClasses.PostAPITest@5c7fa833]" name="setup" is-config="true" duration-ms="10" started-at="2018-06-28T12:13:27Z" finished-at="2018-06-28T12:13:27Z">
          <reporter-output>
          </reporter-output>
        </test-method> <!-- setup -->
        <test-method status="PASS" signature="postMethodTest()[pri:0, instance:com.TestClasses.PostAPITest@5c7fa833]" name="postMethodTest" duration-ms="2318" started-at="2018-06-28T12:13:27Z" finished-at="2018-06-28T12:13:29Z">
          <reporter-output>
          </reporter-output>
        </test-method> <!-- postMethodTest -->
      </class> <!-- com.TestClasses.PostAPITest -->
    </test> <!-- Default test -->
  </suite> <!-- Default suite -->
</testng-results>
